running egg_info
writing ../build/paquete_proyecto/paquete_proyecto.egg-info/PKG-INFO
writing dependency_links to ../build/paquete_proyecto/paquete_proyecto.egg-info/dependency_links.txt
writing entry points to ../build/paquete_proyecto/paquete_proyecto.egg-info/entry_points.txt
writing requirements to ../build/paquete_proyecto/paquete_proyecto.egg-info/requires.txt
writing top-level names to ../build/paquete_proyecto/paquete_proyecto.egg-info/top_level.txt
reading manifest file '../build/paquete_proyecto/paquete_proyecto.egg-info/SOURCES.txt'
writing manifest file '../build/paquete_proyecto/paquete_proyecto.egg-info/SOURCES.txt'
running build
running build_py
copying paquete_proyecto/nodosimple.py -> /home/vboxuser/Escritorio/ROS/entorno/build/paquete_proyecto/build/lib/paquete_proyecto
running install
running install_lib
copying /home/vboxuser/Escritorio/ROS/entorno/build/paquete_proyecto/build/lib/paquete_proyecto/nodosimple.py -> /home/vboxuser/Escritorio/ROS/entorno/install/paquete_proyecto/lib/python3.10/site-packages/paquete_proyecto
byte-compiling /home/vboxuser/Escritorio/ROS/entorno/install/paquete_proyecto/lib/python3.10/site-packages/paquete_proyecto/nodosimple.py to nodosimple.cpython-310.pyc
running install_data
running install_egg_info
removing '/home/vboxuser/Escritorio/ROS/entorno/install/paquete_proyecto/lib/python3.10/site-packages/paquete_proyecto-0.0.0-py3.10.egg-info' (and everything under it)
Copying ../build/paquete_proyecto/paquete_proyecto.egg-info to /home/vboxuser/Escritorio/ROS/entorno/install/paquete_proyecto/lib/python3.10/site-packages/paquete_proyecto-0.0.0-py3.10.egg-info
running install_scripts
Installing simple script to /home/vboxuser/Escritorio/ROS/entorno/install/paquete_proyecto/lib/paquete_proyecto
writing list of installed files to '/home/vboxuser/Escritorio/ROS/entorno/build/paquete_proyecto/install.log'
