[0.699s] Invoking command in '/home/vboxuser/Escritorio/ROS/entorno/build/paquete_proyecto': PYTHONPATH=/home/vboxuser/Escritorio/ROS/entorno/build/paquete_proyecto/prefix_override:/usr/lib/python3/dist-packages/colcon_core/task/python/colcon_distutils_commands:/home/vboxuser/Escritorio/ROS/entorno/install/paquete_proyecto/lib/python3.10/site-packages:${PYTHONPATH} /usr/bin/python3 -W ignore:setup.py install is deprecated setup.py develop --editable --build-directory /home/vboxuser/Escritorio/ROS/entorno/build/paquete_proyecto/build --no-deps symlink_data --force
[0.954s] running develop
[1.104s] running egg_info
[1.105s] writing paquete_proyecto.egg-info/PKG-INFO
[1.106s] writing dependency_links to paquete_proyecto.egg-info/dependency_links.txt
[1.107s] writing entry points to paquete_proyecto.egg-info/entry_points.txt
[1.107s] writing requirements to paquete_proyecto.egg-info/requires.txt
[1.108s] writing top-level names to paquete_proyecto.egg-info/top_level.txt
[1.110s] reading manifest file 'paquete_proyecto.egg-info/SOURCES.txt'
[1.112s] writing manifest file 'paquete_proyecto.egg-info/SOURCES.txt'
[1.114s] running build_ext
[1.115s] Creating /home/vboxuser/Escritorio/ROS/entorno/install/paquete_proyecto/lib/python3.10/site-packages/paquete-proyecto.egg-link (link to .)
[1.116s] Installing simple script to /home/vboxuser/Escritorio/ROS/entorno/install/paquete_proyecto/lib/paquete_proyecto
[1.117s] 
[1.118s] Installed /home/vboxuser/Escritorio/ROS/entorno/build/paquete_proyecto
[1.118s] running symlink_data
[1.119s] symbolically linking /home/vboxuser/Escritorio/ROS/entorno/build/paquete_proyecto/resource/paquete_proyecto -> /home/vboxuser/Escritorio/ROS/entorno/install/paquete_proyecto/share/ament_index/resource_index/packages
[1.120s] symbolically linking /home/vboxuser/Escritorio/ROS/entorno/build/paquete_proyecto/package.xml -> /home/vboxuser/Escritorio/ROS/entorno/install/paquete_proyecto/share/paquete_proyecto
[1.120s] symbolically linking /home/vboxuser/Escritorio/ROS/entorno/build/paquete_proyecto/launch/visualization.launch.py -> /home/vboxuser/Escritorio/ROS/entorno/install/paquete_proyecto/share/paquete_proyecto/launch/
[1.146s] Invoked command in '/home/vboxuser/Escritorio/ROS/entorno/build/paquete_proyecto' returned '0': PYTHONPATH=/home/vboxuser/Escritorio/ROS/entorno/build/paquete_proyecto/prefix_override:/usr/lib/python3/dist-packages/colcon_core/task/python/colcon_distutils_commands:/home/vboxuser/Escritorio/ROS/entorno/install/paquete_proyecto/lib/python3.10/site-packages:${PYTHONPATH} /usr/bin/python3 -W ignore:setup.py install is deprecated setup.py develop --editable --build-directory /home/vboxuser/Escritorio/ROS/entorno/build/paquete_proyecto/build --no-deps symlink_data --force
