running develop
Removing /home/vboxuser/Escritorio/ROS/entorno/install/paquete_proyecto/lib/python3.10/site-packages/paquete-proyecto.egg-link (link to .)
running egg_info
writing ../build/paquete_proyecto/paquete_proyecto.egg-info/PKG-INFO
writing dependency_links to ../build/paquete_proyecto/paquete_proyecto.egg-info/dependency_links.txt
writing entry points to ../build/paquete_proyecto/paquete_proyecto.egg-info/entry_points.txt
writing requirements to ../build/paquete_proyecto/paquete_proyecto.egg-info/requires.txt
writing top-level names to ../build/paquete_proyecto/paquete_proyecto.egg-info/top_level.txt
reading manifest file '../build/paquete_proyecto/paquete_proyecto.egg-info/SOURCES.txt'
writing manifest file '../build/paquete_proyecto/paquete_proyecto.egg-info/SOURCES.txt'
running build
running build_py
running install
running install_lib
creating /home/vboxuser/Escritorio/ROS/entorno/install/paquete_proyecto/lib/python3.10/site-packages/paquete_proyecto
copying /home/vboxuser/Escritorio/ROS/entorno/build/paquete_proyecto/build/lib/paquete_proyecto/nodosimple.py -> /home/vboxuser/Escritorio/ROS/entorno/install/paquete_proyecto/lib/python3.10/site-packages/paquete_proyecto
copying /home/vboxuser/Escritorio/ROS/entorno/build/paquete_proyecto/build/lib/paquete_proyecto/__init__.py -> /home/vboxuser/Escritorio/ROS/entorno/install/paquete_proyecto/lib/python3.10/site-packages/paquete_proyecto
byte-compiling /home/vboxuser/Escritorio/ROS/entorno/install/paquete_proyecto/lib/python3.10/site-packages/paquete_proyecto/nodosimple.py to nodosimple.cpython-310.pyc
byte-compiling /home/vboxuser/Escritorio/ROS/entorno/install/paquete_proyecto/lib/python3.10/site-packages/paquete_proyecto/__init__.py to __init__.cpython-310.pyc
running install_data
copying resource/paquete_proyecto -> /home/vboxuser/Escritorio/ROS/entorno/install/paquete_proyecto/share/ament_index/resource_index/packages
copying package.xml -> /home/vboxuser/Escritorio/ROS/entorno/install/paquete_proyecto/share/paquete_proyecto
copying launch/visualization.launch.py -> /home/vboxuser/Escritorio/ROS/entorno/install/paquete_proyecto/share/paquete_proyecto/launch/
copying launch/gazebo.launch.py -> /home/vboxuser/Escritorio/ROS/entorno/install/paquete_proyecto/share/paquete_proyecto/launch/
running install_egg_info
Copying ../build/paquete_proyecto/paquete_proyecto.egg-info to /home/vboxuser/Escritorio/ROS/entorno/install/paquete_proyecto/lib/python3.10/site-packages/paquete_proyecto-0.0.0-py3.10.egg-info
running install_scripts
Installing simple script to /home/vboxuser/Escritorio/ROS/entorno/install/paquete_proyecto/lib/paquete_proyecto
writing list of installed files to '/home/vboxuser/Escritorio/ROS/entorno/build/paquete_proyecto/install.log'
