[0.594s] Invoking command in '/home/vboxuser/Escritorio/ROS/entorno/paquete_proyecto': PYTHONPATH=/home/vboxuser/Escritorio/ROS/entorno/build/paquete_proyecto/prefix_override:/usr/lib/python3/dist-packages/colcon_core/task/python/colcon_distutils_commands:/home/vboxuser/Escritorio/ROS/entorno/install/paquete_proyecto/lib/python3.10/site-packages:${PYTHONPATH} /usr/bin/python3 -W ignore:setup.py install is deprecated setup.py egg_info --egg-base ../build/paquete_proyecto build --build-base /home/vboxuser/Escritorio/ROS/entorno/build/paquete_proyecto/build install --record /home/vboxuser/Escritorio/ROS/entorno/build/paquete_proyecto/install.log --single-version-externally-managed install_data
[0.823s] running egg_info
[0.825s] writing ../build/paquete_proyecto/paquete_proyecto.egg-info/PKG-INFO
[0.825s] writing dependency_links to ../build/paquete_proyecto/paquete_proyecto.egg-info/dependency_links.txt
[0.826s] writing entry points to ../build/paquete_proyecto/paquete_proyecto.egg-info/entry_points.txt
[0.827s] writing requirements to ../build/paquete_proyecto/paquete_proyecto.egg-info/requires.txt
[0.829s] writing top-level names to ../build/paquete_proyecto/paquete_proyecto.egg-info/top_level.txt
[0.830s] reading manifest file '../build/paquete_proyecto/paquete_proyecto.egg-info/SOURCES.txt'
[0.839s] writing manifest file '../build/paquete_proyecto/paquete_proyecto.egg-info/SOURCES.txt'
[0.839s] running build
[0.840s] running build_py
[0.841s] running install
[0.841s] running install_lib
[0.843s] running install_data
[0.844s] copying launch/gazebo.launch.py -> /home/vboxuser/Escritorio/ROS/entorno/install/paquete_proyecto/share/paquete_proyecto/launch/
[0.845s] running install_egg_info
[0.847s] removing '/home/vboxuser/Escritorio/ROS/entorno/install/paquete_proyecto/lib/python3.10/site-packages/paquete_proyecto-0.0.0-py3.10.egg-info' (and everything under it)
[0.849s] Copying ../build/paquete_proyecto/paquete_proyecto.egg-info to /home/vboxuser/Escritorio/ROS/entorno/install/paquete_proyecto/lib/python3.10/site-packages/paquete_proyecto-0.0.0-py3.10.egg-info
[0.854s] running install_scripts
[0.877s] Installing simple script to /home/vboxuser/Escritorio/ROS/entorno/install/paquete_proyecto/lib/paquete_proyecto
[0.878s] writing list of installed files to '/home/vboxuser/Escritorio/ROS/entorno/build/paquete_proyecto/install.log'
[0.899s] Invoked command in '/home/vboxuser/Escritorio/ROS/entorno/paquete_proyecto' returned '0': PYTHONPATH=/home/vboxuser/Escritorio/ROS/entorno/build/paquete_proyecto/prefix_override:/usr/lib/python3/dist-packages/colcon_core/task/python/colcon_distutils_commands:/home/vboxuser/Escritorio/ROS/entorno/install/paquete_proyecto/lib/python3.10/site-packages:${PYTHONPATH} /usr/bin/python3 -W ignore:setup.py install is deprecated setup.py egg_info --egg-base ../build/paquete_proyecto build --build-base /home/vboxuser/Escritorio/ROS/entorno/build/paquete_proyecto/build install --record /home/vboxuser/Escritorio/ROS/entorno/build/paquete_proyecto/install.log --single-version-externally-managed install_data
