[0.641s] Invoking command in '/home/vboxuser/Escritorio/ROS/entorno/paquete_proyecto': PYTHONPATH=/home/vboxuser/Escritorio/ROS/entorno/build/paquete_proyecto/prefix_override:/usr/lib/python3/dist-packages/colcon_core/task/python/colcon_distutils_commands:/home/vboxuser/Escritorio/ROS/entorno/install/paquete_proyecto/lib/python3.10/site-packages:${PYTHONPATH} /usr/bin/python3 -W ignore:setup.py install is deprecated setup.py egg_info --egg-base ../build/paquete_proyecto build --build-base /home/vboxuser/Escritorio/ROS/entorno/build/paquete_proyecto/build install --record /home/vboxuser/Escritorio/ROS/entorno/build/paquete_proyecto/install.log --single-version-externally-managed install_data
[0.867s] running egg_info
[0.868s] writing ../build/paquete_proyecto/paquete_proyecto.egg-info/PKG-INFO
[0.868s] writing dependency_links to ../build/paquete_proyecto/paquete_proyecto.egg-info/dependency_links.txt
[0.869s] writing entry points to ../build/paquete_proyecto/paquete_proyecto.egg-info/entry_points.txt
[0.870s] writing requirements to ../build/paquete_proyecto/paquete_proyecto.egg-info/requires.txt
[0.870s] writing top-level names to ../build/paquete_proyecto/paquete_proyecto.egg-info/top_level.txt
[0.870s] reading manifest file '../build/paquete_proyecto/paquete_proyecto.egg-info/SOURCES.txt'
[0.871s] writing manifest file '../build/paquete_proyecto/paquete_proyecto.egg-info/SOURCES.txt'
[0.871s] running build
[0.872s] running build_py
[0.872s] copying paquete_proyecto/nodosimple.py -> /home/vboxuser/Escritorio/ROS/entorno/build/paquete_proyecto/build/lib/paquete_proyecto
[0.872s] running install
[0.873s] running install_lib
[0.873s] copying /home/vboxuser/Escritorio/ROS/entorno/build/paquete_proyecto/build/lib/paquete_proyecto/nodosimple.py -> /home/vboxuser/Escritorio/ROS/entorno/install/paquete_proyecto/lib/python3.10/site-packages/paquete_proyecto
[0.874s] byte-compiling /home/vboxuser/Escritorio/ROS/entorno/install/paquete_proyecto/lib/python3.10/site-packages/paquete_proyecto/nodosimple.py to nodosimple.cpython-310.pyc
[0.874s] running install_data
[0.874s] running install_egg_info
[0.875s] removing '/home/vboxuser/Escritorio/ROS/entorno/install/paquete_proyecto/lib/python3.10/site-packages/paquete_proyecto-0.0.0-py3.10.egg-info' (and everything under it)
[0.875s] Copying ../build/paquete_proyecto/paquete_proyecto.egg-info to /home/vboxuser/Escritorio/ROS/entorno/install/paquete_proyecto/lib/python3.10/site-packages/paquete_proyecto-0.0.0-py3.10.egg-info
[0.876s] running install_scripts
[0.892s] Installing simple script to /home/vboxuser/Escritorio/ROS/entorno/install/paquete_proyecto/lib/paquete_proyecto
[0.892s] writing list of installed files to '/home/vboxuser/Escritorio/ROS/entorno/build/paquete_proyecto/install.log'
[0.912s] Invoked command in '/home/vboxuser/Escritorio/ROS/entorno/paquete_proyecto' returned '0': PYTHONPATH=/home/vboxuser/Escritorio/ROS/entorno/build/paquete_proyecto/prefix_override:/usr/lib/python3/dist-packages/colcon_core/task/python/colcon_distutils_commands:/home/vboxuser/Escritorio/ROS/entorno/install/paquete_proyecto/lib/python3.10/site-packages:${PYTHONPATH} /usr/bin/python3 -W ignore:setup.py install is deprecated setup.py egg_info --egg-base ../build/paquete_proyecto build --build-base /home/vboxuser/Escritorio/ROS/entorno/build/paquete_proyecto/build install --record /home/vboxuser/Escritorio/ROS/entorno/build/paquete_proyecto/install.log --single-version-externally-managed install_data
