[0.587s] Invoking command in '/home/vboxuser/Escritorio/ROS/entorno/paquete_proyecto': PYTHONPATH=/home/vboxuser/Escritorio/ROS/entorno/build/paquete_proyecto/prefix_override:/usr/lib/python3/dist-packages/colcon_core/task/python/colcon_distutils_commands:/home/vboxuser/Escritorio/ROS/entorno/install/paquete_proyecto/lib/python3.10/site-packages:${PYTHONPATH} /usr/bin/python3 -W ignore:setup.py install is deprecated setup.py egg_info --egg-base ../build/paquete_proyecto build --build-base /home/vboxuser/Escritorio/ROS/entorno/build/paquete_proyecto/build install --record /home/vboxuser/Escritorio/ROS/entorno/build/paquete_proyecto/install.log --single-version-externally-managed install_data
[0.829s] running egg_info
[0.831s] writing ../build/paquete_proyecto/paquete_proyecto.egg-info/PKG-INFO
[0.832s] writing dependency_links to ../build/paquete_proyecto/paquete_proyecto.egg-info/dependency_links.txt
[0.833s] writing entry points to ../build/paquete_proyecto/paquete_proyecto.egg-info/entry_points.txt
[0.834s] writing requirements to ../build/paquete_proyecto/paquete_proyecto.egg-info/requires.txt
[0.834s] writing top-level names to ../build/paquete_proyecto/paquete_proyecto.egg-info/top_level.txt
[0.838s] reading manifest file '../build/paquete_proyecto/paquete_proyecto.egg-info/SOURCES.txt'
[0.843s] writing manifest file '../build/paquete_proyecto/paquete_proyecto.egg-info/SOURCES.txt'
[0.843s] running build
[0.844s] running build_py
[0.844s] running install
[0.846s] running install_lib
[0.847s] running install_data
[0.848s] running install_egg_info
[0.851s] removing '/home/vboxuser/Escritorio/ROS/entorno/install/paquete_proyecto/lib/python3.10/site-packages/paquete_proyecto-0.0.0-py3.10.egg-info' (and everything under it)
[0.853s] Copying ../build/paquete_proyecto/paquete_proyecto.egg-info to /home/vboxuser/Escritorio/ROS/entorno/install/paquete_proyecto/lib/python3.10/site-packages/paquete_proyecto-0.0.0-py3.10.egg-info
[0.857s] running install_scripts
[0.878s] Installing simple script to /home/vboxuser/Escritorio/ROS/entorno/install/paquete_proyecto/lib/paquete_proyecto
[0.879s] writing list of installed files to '/home/vboxuser/Escritorio/ROS/entorno/build/paquete_proyecto/install.log'
[0.903s] Invoked command in '/home/vboxuser/Escritorio/ROS/entorno/paquete_proyecto' returned '0': PYTHONPATH=/home/vboxuser/Escritorio/ROS/entorno/build/paquete_proyecto/prefix_override:/usr/lib/python3/dist-packages/colcon_core/task/python/colcon_distutils_commands:/home/vboxuser/Escritorio/ROS/entorno/install/paquete_proyecto/lib/python3.10/site-packages:${PYTHONPATH} /usr/bin/python3 -W ignore:setup.py install is deprecated setup.py egg_info --egg-base ../build/paquete_proyecto build --build-base /home/vboxuser/Escritorio/ROS/entorno/build/paquete_proyecto/build install --record /home/vboxuser/Escritorio/ROS/entorno/build/paquete_proyecto/install.log --single-version-externally-managed install_data
