running egg_info
creating build/paquete_proyecto/paquete_proyecto.egg-info
writing build/paquete_proyecto/paquete_proyecto.egg-info/PKG-INFO
writing dependency_links to build/paquete_proyecto/paquete_proyecto.egg-info/dependency_links.txt
writing entry points to build/paquete_proyecto/paquete_proyecto.egg-info/entry_points.txt
writing requirements to build/paquete_proyecto/paquete_proyecto.egg-info/requires.txt
writing top-level names to build/paquete_proyecto/paquete_proyecto.egg-info/top_level.txt
writing manifest file 'build/paquete_proyecto/paquete_proyecto.egg-info/SOURCES.txt'
reading manifest file 'build/paquete_proyecto/paquete_proyecto.egg-info/SOURCES.txt'
writing manifest file 'build/paquete_proyecto/paquete_proyecto.egg-info/SOURCES.txt'
running build
running build_py
creating /home/vboxuser/Escritorio/ROS/entorno/paquete_proyecto/build/paquete_proyecto/build
creating /home/vboxuser/Escritorio/ROS/entorno/paquete_proyecto/build/paquete_proyecto/build/lib
creating /home/vboxuser/Escritorio/ROS/entorno/paquete_proyecto/build/paquete_proyecto/build/lib/paquete_proyecto
copying paquete_proyecto/nodosimple.py -> /home/vboxuser/Escritorio/ROS/entorno/paquete_proyecto/build/paquete_proyecto/build/lib/paquete_proyecto
copying paquete_proyecto/__init__.py -> /home/vboxuser/Escritorio/ROS/entorno/paquete_proyecto/build/paquete_proyecto/build/lib/paquete_proyecto
running install
running install_lib
creating /home/vboxuser/Escritorio/ROS/entorno/paquete_proyecto/install/paquete_proyecto/lib/python3.10/site-packages/paquete_proyecto
copying /home/vboxuser/Escritorio/ROS/entorno/paquete_proyecto/build/paquete_proyecto/build/lib/paquete_proyecto/nodosimple.py -> /home/vboxuser/Escritorio/ROS/entorno/paquete_proyecto/install/paquete_proyecto/lib/python3.10/site-packages/paquete_proyecto
copying /home/vboxuser/Escritorio/ROS/entorno/paquete_proyecto/build/paquete_proyecto/build/lib/paquete_proyecto/__init__.py -> /home/vboxuser/Escritorio/ROS/entorno/paquete_proyecto/install/paquete_proyecto/lib/python3.10/site-packages/paquete_proyecto
byte-compiling /home/vboxuser/Escritorio/ROS/entorno/paquete_proyecto/install/paquete_proyecto/lib/python3.10/site-packages/paquete_proyecto/nodosimple.py to nodosimple.cpython-310.pyc
byte-compiling /home/vboxuser/Escritorio/ROS/entorno/paquete_proyecto/install/paquete_proyecto/lib/python3.10/site-packages/paquete_proyecto/__init__.py to __init__.cpython-310.pyc
running install_data
creating /home/vboxuser/Escritorio/ROS/entorno/paquete_proyecto/install/paquete_proyecto/share/ament_index
creating /home/vboxuser/Escritorio/ROS/entorno/paquete_proyecto/install/paquete_proyecto/share/ament_index/resource_index
creating /home/vboxuser/Escritorio/ROS/entorno/paquete_proyecto/install/paquete_proyecto/share/ament_index/resource_index/packages
copying resource/paquete_proyecto -> /home/vboxuser/Escritorio/ROS/entorno/paquete_proyecto/install/paquete_proyecto/share/ament_index/resource_index/packages
copying package.xml -> /home/vboxuser/Escritorio/ROS/entorno/paquete_proyecto/install/paquete_proyecto/share/paquete_proyecto
running install_egg_info
Copying build/paquete_proyecto/paquete_proyecto.egg-info to /home/vboxuser/Escritorio/ROS/entorno/paquete_proyecto/install/paquete_proyecto/lib/python3.10/site-packages/paquete_proyecto-0.0.0-py3.10.egg-info
running install_scripts
Installing simple script to /home/vboxuser/Escritorio/ROS/entorno/paquete_proyecto/install/paquete_proyecto/lib/paquete_proyecto
writing list of installed files to '/home/vboxuser/Escritorio/ROS/entorno/paquete_proyecto/build/paquete_proyecto/install.log'
